2015-09-01 16:56:08,752 [Worker-7] INFO  o.e.m.c.i.p.ProjectConfigurationManager - Collecting project info '/pom.xml' /Users/jameskang/Code/hadoop_practice/code/Ch2-Weather/pom.xml
2015-09-01 16:56:09,362 [Worker-7] INFO  o.e.m.c.i.l.LifecycleMappingFactory - Using org.eclipse.m2e.jdt.JarLifecycleMapping lifecycle mapping for MavenProject: me.jameskang:Ch2-Weather:0.0.1-SNAPSHOT @ /Users/jameskang/Code/hadoop_practice/code/Ch2-Weather/pom.xml.
2015-09-01 16:56:09,672 [Worker-7] INFO  o.e.m.j.i.AbstractJavaProjectConfigurator - Adding source folder /Ch2-Weather/src/main/java
2015-09-01 16:56:09,679 [Worker-7] INFO  o.e.m.j.i.AbstractJavaProjectConfigurator - Adding source folder /Ch2-Weather/src/test/java
2015-09-01 16:56:11,022 [Worker-7] INFO  o.e.m.c.i.p.ProjectConfigurationManager - Imported and configured 1 project(s) in 2 sec
2015-09-01 16:56:12,004 [Worker-3] INFO  o.e.m.c.i.l.LifecycleMappingFactory - Using org.eclipse.m2e.jdt.JarLifecycleMapping lifecycle mapping for MavenProject: me.jameskang:Ch2-Weather:0.0.1-SNAPSHOT @ /Users/jameskang/Code/hadoop_practice/code/Ch2-Weather/pom.xml.
2015-09-01 16:56:12,155 [Worker-4] INFO  o.e.m.c.i.l.LifecycleMappingFactory - Using org.eclipse.m2e.jdt.JarLifecycleMapping lifecycle mapping for MavenProject: me.jameskang:Ch2-Weather:0.0.1-SNAPSHOT @ /Users/jameskang/Code/hadoop_practice/code/Ch2-Weather/pom.xml.
2015-09-01 16:56:12,254 [Worker-4] INFO  o.e.m.c.i.embedder.EclipseLogger - Using 'UTF-8' encoding to copy filtered resources.
2015-09-01 16:56:12,254 [Worker-4] INFO  o.e.m.c.i.embedder.EclipseLogger - skip non existing resourceDirectory /Users/jameskang/Code/hadoop_practice/code/Ch2-Weather/src/main/resources
2015-09-01 16:56:12,255 [Worker-4] INFO  o.e.m.c.i.embedder.EclipseLogger - Using 'UTF-8' encoding to copy filtered resources.
2015-09-01 16:56:12,255 [Worker-4] INFO  o.e.m.c.i.embedder.EclipseLogger - skip non existing resourceDirectory /Users/jameskang/Code/hadoop_practice/code/Ch2-Weather/src/test/resources
2015-09-01 16:56:13,305 [Worker-7] INFO  o.e.m.c.i.l.LifecycleMappingFactory - Using org.eclipse.m2e.jdt.JarLifecycleMapping lifecycle mapping for MavenProject: me.jameskang:Ch2-Weather:0.0.1-SNAPSHOT @ /Users/jameskang/Code/hadoop_practice/code/Ch2-Weather/pom.xml.
2015-09-01 16:56:13,458 [Worker-4] INFO  o.e.m.c.i.embedder.EclipseLogger - Using 'UTF-8' encoding to copy filtered resources.
2015-09-01 16:56:13,458 [Worker-4] INFO  o.e.m.c.i.embedder.EclipseLogger - skip non existing resourceDirectory /Users/jameskang/Code/hadoop_practice/code/Ch2-Weather/src/main/resources
2015-09-01 16:56:13,459 [Worker-4] INFO  o.e.m.c.i.embedder.EclipseLogger - Using 'UTF-8' encoding to copy filtered resources.
2015-09-01 16:56:13,459 [Worker-4] INFO  o.e.m.c.i.embedder.EclipseLogger - skip non existing resourceDirectory /Users/jameskang/Code/hadoop_practice/code/Ch2-Weather/src/test/resources
2015-09-01 16:59:24,369 [Worker-0] INFO  o.e.m.c.i.embedder.EclipseLogger - Using 'UTF-8' encoding to copy filtered resources.
2015-09-01 16:59:24,369 [Worker-0] INFO  o.e.m.c.i.embedder.EclipseLogger - skip non existing resourceDirectory /Users/jameskang/Code/hadoop_practice/code/Ch2-Weather/src/main/resources
2015-09-01 16:59:24,370 [Worker-0] INFO  o.e.m.c.i.embedder.EclipseLogger - Using 'UTF-8' encoding to copy filtered resources.
2015-09-01 16:59:24,370 [Worker-0] INFO  o.e.m.c.i.embedder.EclipseLogger - skip non existing resourceDirectory /Users/jameskang/Code/hadoop_practice/code/Ch2-Weather/src/test/resources
2015-09-01 16:59:53,238 [Worker-8] INFO  o.e.m.c.i.embedder.EclipseLogger - Using 'UTF-8' encoding to copy filtered resources.
2015-09-01 16:59:53,238 [Worker-8] INFO  o.e.m.c.i.embedder.EclipseLogger - skip non existing resourceDirectory /Users/jameskang/Code/hadoop_practice/code/Ch2-Weather/src/main/resources
2015-09-01 16:59:53,239 [Worker-8] INFO  o.e.m.c.i.embedder.EclipseLogger - Using 'UTF-8' encoding to copy filtered resources.
2015-09-01 16:59:53,239 [Worker-8] INFO  o.e.m.c.i.embedder.EclipseLogger - skip non existing resourceDirectory /Users/jameskang/Code/hadoop_practice/code/Ch2-Weather/src/test/resources
2015-09-01 17:00:22,478 [Worker-9] INFO  o.e.m.c.i.embedder.EclipseLogger - Using 'UTF-8' encoding to copy filtered resources.
2015-09-01 17:00:22,478 [Worker-9] INFO  o.e.m.c.i.embedder.EclipseLogger - skip non existing resourceDirectory /Users/jameskang/Code/hadoop_practice/code/Ch2-Weather/src/main/resources
2015-09-01 17:00:22,479 [Worker-9] INFO  o.e.m.c.i.embedder.EclipseLogger - Using 'UTF-8' encoding to copy filtered resources.
2015-09-01 17:00:22,479 [Worker-9] INFO  o.e.m.c.i.embedder.EclipseLogger - skip non existing resourceDirectory /Users/jameskang/Code/hadoop_practice/code/Ch2-Weather/src/test/resources
2015-09-01 17:00:38,027 [Worker-6] INFO  o.e.m.c.i.embedder.EclipseLogger - Using 'UTF-8' encoding to copy filtered resources.
2015-09-01 17:00:38,027 [Worker-6] INFO  o.e.m.c.i.embedder.EclipseLogger - skip non existing resourceDirectory /Users/jameskang/Code/hadoop_practice/code/Ch2-Weather/src/main/resources
2015-09-01 17:00:38,028 [Worker-6] INFO  o.e.m.c.i.embedder.EclipseLogger - Using 'UTF-8' encoding to copy filtered resources.
2015-09-01 17:00:38,028 [Worker-6] INFO  o.e.m.c.i.embedder.EclipseLogger - skip non existing resourceDirectory /Users/jameskang/Code/hadoop_practice/code/Ch2-Weather/src/test/resources
2015-09-01 17:03:49,386 [Worker-0] INFO  o.e.m.c.i.l.LifecycleMappingFactory - Using org.eclipse.m2e.jdt.JarLifecycleMapping lifecycle mapping for MavenProject: me.jameskang:Ch2-Weather:0.0.1-SNAPSHOT @ /Users/jameskang/Code/hadoop_practice/code/Ch2-Weather/pom.xml.
2015-09-01 17:03:50,359 [Worker-0] INFO  o.e.m.c.i.e.AbstractTransferListenerAdapter - Downloading http://repo.maven.apache.org/maven2/org/apache/hadoop/hadoop-core/0.20.2/hadoop-core-0.20.2.pom
2015-09-01 17:03:50,583 [Worker-0] INFO  o.e.m.c.i.e.AbstractTransferListenerAdapter - Downloaded http://repo.maven.apache.org/maven2/org/apache/hadoop/hadoop-core/0.20.2/hadoop-core-0.20.2.pom
2015-09-01 17:03:50,726 [Worker-0] INFO  o.e.m.c.i.e.AbstractTransferListenerAdapter - Downloading http://repo.maven.apache.org/maven2/xmlenc/xmlenc/0.52/xmlenc-0.52.pom
2015-09-01 17:03:50,963 [Worker-0] INFO  o.e.m.c.i.e.AbstractTransferListenerAdapter - Downloaded http://repo.maven.apache.org/maven2/xmlenc/xmlenc/0.52/xmlenc-0.52.pom
2015-09-01 17:03:51,093 [Worker-0] INFO  o.e.m.c.i.e.AbstractTransferListenerAdapter - Downloading http://repo.maven.apache.org/maven2/commons-httpclient/commons-httpclient/3.0.1/commons-httpclient-3.0.1.pom
2015-09-01 17:03:51,312 [Worker-0] INFO  o.e.m.c.i.e.AbstractTransferListenerAdapter - Downloaded http://repo.maven.apache.org/maven2/commons-httpclient/commons-httpclient/3.0.1/commons-httpclient-3.0.1.pom
2015-09-01 17:03:51,440 [Worker-0] INFO  o.e.m.c.i.e.AbstractTransferListenerAdapter - Downloading http://repo.maven.apache.org/maven2/commons-logging/commons-logging/1.0.3/commons-logging-1.0.3.pom
2015-09-01 17:03:51,701 [Worker-0] INFO  o.e.m.c.i.e.AbstractTransferListenerAdapter - Downloaded http://repo.maven.apache.org/maven2/commons-logging/commons-logging/1.0.3/commons-logging-1.0.3.pom
2015-09-01 17:03:51,810 [Worker-0] INFO  o.e.m.c.i.e.AbstractTransferListenerAdapter - Downloading http://repo.maven.apache.org/maven2/commons-codec/commons-codec/1.2/commons-codec-1.2.pom
2015-09-01 17:03:52,032 [Worker-0] INFO  o.e.m.c.i.e.AbstractTransferListenerAdapter - Downloaded http://repo.maven.apache.org/maven2/commons-codec/commons-codec/1.2/commons-codec-1.2.pom
2015-09-01 17:03:52,149 [Worker-0] INFO  o.e.m.c.i.e.AbstractTransferListenerAdapter - Downloading http://repo.maven.apache.org/maven2/commons-codec/commons-codec/1.3/commons-codec-1.3.pom
2015-09-01 17:03:52,377 [Worker-0] INFO  o.e.m.c.i.e.AbstractTransferListenerAdapter - Downloaded http://repo.maven.apache.org/maven2/commons-codec/commons-codec/1.3/commons-codec-1.3.pom
2015-09-01 17:03:52,500 [Worker-0] INFO  o.e.m.c.i.e.AbstractTransferListenerAdapter - Downloading http://repo.maven.apache.org/maven2/commons-net/commons-net/1.4.1/commons-net-1.4.1.pom
2015-09-01 17:03:52,721 [Worker-0] INFO  o.e.m.c.i.e.AbstractTransferListenerAdapter - Downloaded http://repo.maven.apache.org/maven2/commons-net/commons-net/1.4.1/commons-net-1.4.1.pom
2015-09-01 17:03:52,834 [Worker-0] INFO  o.e.m.c.i.e.AbstractTransferListenerAdapter - Downloading http://repo.maven.apache.org/maven2/org/mortbay/jetty/jetty/6.1.14/jetty-6.1.14.pom
2015-09-01 17:03:53,057 [Worker-0] INFO  o.e.m.c.i.e.AbstractTransferListenerAdapter - Downloaded http://repo.maven.apache.org/maven2/org/mortbay/jetty/jetty/6.1.14/jetty-6.1.14.pom
2015-09-01 17:03:53,169 [Worker-0] INFO  o.e.m.c.i.e.AbstractTransferListenerAdapter - Downloading http://repo.maven.apache.org/maven2/org/mortbay/jetty/project/6.1.14/project-6.1.14.pom
2015-09-01 17:03:53,420 [Worker-0] INFO  o.e.m.c.i.e.AbstractTransferListenerAdapter - Downloaded http://repo.maven.apache.org/maven2/org/mortbay/jetty/project/6.1.14/project-6.1.14.pom
2015-09-01 17:03:53,545 [Worker-0] INFO  o.e.m.c.i.e.AbstractTransferListenerAdapter - Downloading http://repo.maven.apache.org/maven2/org/mortbay/jetty/jetty-parent/7/jetty-parent-7.pom
2015-09-01 17:03:53,776 [Worker-0] INFO  o.e.m.c.i.e.AbstractTransferListenerAdapter - Downloaded http://repo.maven.apache.org/maven2/org/mortbay/jetty/jetty-parent/7/jetty-parent-7.pom
2015-09-01 17:03:53,918 [Worker-0] INFO  o.e.m.c.i.e.AbstractTransferListenerAdapter - Downloading http://repo.maven.apache.org/maven2/org/mortbay/jetty/jetty-util/6.1.14/jetty-util-6.1.14.pom
2015-09-01 17:03:54,137 [Worker-0] INFO  o.e.m.c.i.e.AbstractTransferListenerAdapter - Downloaded http://repo.maven.apache.org/maven2/org/mortbay/jetty/jetty-util/6.1.14/jetty-util-6.1.14.pom
2015-09-01 17:03:54,243 [Worker-0] INFO  o.e.m.c.i.e.AbstractTransferListenerAdapter - Downloading http://repo.maven.apache.org/maven2/org/mortbay/jetty/servlet-api-2.5/6.1.14/servlet-api-2.5-6.1.14.pom
2015-09-01 17:03:54,482 [Worker-0] INFO  o.e.m.c.i.e.AbstractTransferListenerAdapter - Downloaded http://repo.maven.apache.org/maven2/org/mortbay/jetty/servlet-api-2.5/6.1.14/servlet-api-2.5-6.1.14.pom
2015-09-01 17:03:54,595 [Worker-0] INFO  o.e.m.c.i.e.AbstractTransferListenerAdapter - Downloading http://repo.maven.apache.org/maven2/tomcat/jasper-runtime/5.5.12/jasper-runtime-5.5.12.pom
2015-09-01 17:03:54,808 [Worker-0] INFO  o.e.m.c.i.e.AbstractTransferListenerAdapter - Downloaded http://repo.maven.apache.org/maven2/tomcat/jasper-runtime/5.5.12/jasper-runtime-5.5.12.pom
2015-09-01 17:03:54,921 [Worker-0] INFO  o.e.m.c.i.e.AbstractTransferListenerAdapter - Downloading http://repo.maven.apache.org/maven2/tomcat/jasper-compiler/5.5.12/jasper-compiler-5.5.12.pom
2015-09-01 17:03:55,143 [Worker-0] INFO  o.e.m.c.i.e.AbstractTransferListenerAdapter - Downloaded http://repo.maven.apache.org/maven2/tomcat/jasper-compiler/5.5.12/jasper-compiler-5.5.12.pom
2015-09-01 17:03:55,256 [Worker-0] INFO  o.e.m.c.i.e.AbstractTransferListenerAdapter - Downloading http://repo.maven.apache.org/maven2/org/mortbay/jetty/jsp-api-2.1/6.1.14/jsp-api-2.1-6.1.14.pom
2015-09-01 17:03:55,476 [Worker-0] INFO  o.e.m.c.i.e.AbstractTransferListenerAdapter - Downloaded http://repo.maven.apache.org/maven2/org/mortbay/jetty/jsp-api-2.1/6.1.14/jsp-api-2.1-6.1.14.pom
2015-09-01 17:03:55,602 [Worker-0] INFO  o.e.m.c.i.e.AbstractTransferListenerAdapter - Downloading http://repo.maven.apache.org/maven2/org/mortbay/jetty/jsp-2.1/6.1.14/jsp-2.1-6.1.14.pom
2015-09-01 17:03:55,821 [Worker-0] INFO  o.e.m.c.i.e.AbstractTransferListenerAdapter - Downloaded http://repo.maven.apache.org/maven2/org/mortbay/jetty/jsp-2.1/6.1.14/jsp-2.1-6.1.14.pom
2015-09-01 17:03:55,945 [Worker-0] INFO  o.e.m.c.i.e.AbstractTransferListenerAdapter - Downloading http://repo.maven.apache.org/maven2/org/eclipse/jdt/core/3.1.1/core-3.1.1.pom
2015-09-01 17:03:56,168 [Worker-0] INFO  o.e.m.c.i.e.AbstractTransferListenerAdapter - Downloaded http://repo.maven.apache.org/maven2/org/eclipse/jdt/core/3.1.1/core-3.1.1.pom
2015-09-01 17:03:56,281 [Worker-0] INFO  o.e.m.c.i.e.AbstractTransferListenerAdapter - Downloading http://repo.maven.apache.org/maven2/ant/ant/1.6.5/ant-1.6.5.pom
2015-09-01 17:03:56,494 [Worker-0] INFO  o.e.m.c.i.e.AbstractTransferListenerAdapter - Downloaded http://repo.maven.apache.org/maven2/ant/ant/1.6.5/ant-1.6.5.pom
2015-09-01 17:03:56,606 [Worker-0] INFO  o.e.m.c.i.e.AbstractTransferListenerAdapter - Downloading http://repo.maven.apache.org/maven2/commons-el/commons-el/1.0/commons-el-1.0.pom
2015-09-01 17:03:56,828 [Worker-0] INFO  o.e.m.c.i.e.AbstractTransferListenerAdapter - Downloaded http://repo.maven.apache.org/maven2/commons-el/commons-el/1.0/commons-el-1.0.pom
2015-09-01 17:03:56,951 [Worker-0] INFO  o.e.m.c.i.e.AbstractTransferListenerAdapter - Downloading http://repo.maven.apache.org/maven2/net/java/dev/jets3t/jets3t/0.7.1/jets3t-0.7.1.pom
2015-09-01 17:03:57,190 [Worker-0] INFO  o.e.m.c.i.e.AbstractTransferListenerAdapter - Downloaded http://repo.maven.apache.org/maven2/net/java/dev/jets3t/jets3t/0.7.1/jets3t-0.7.1.pom
2015-09-01 17:03:57,306 [Worker-0] INFO  o.e.m.c.i.e.AbstractTransferListenerAdapter - Downloading http://repo.maven.apache.org/maven2/commons-httpclient/commons-httpclient/3.1/commons-httpclient-3.1.pom
2015-09-01 17:03:57,755 [Worker-0] INFO  o.e.m.c.i.e.AbstractTransferListenerAdapter - Downloaded http://repo.maven.apache.org/maven2/commons-httpclient/commons-httpclient/3.1/commons-httpclient-3.1.pom
2015-09-01 17:03:57,933 [Worker-0] INFO  o.e.m.c.i.e.AbstractTransferListenerAdapter - Downloading http://repo.maven.apache.org/maven2/commons-logging/commons-logging/1.0.4/commons-logging-1.0.4.pom
2015-09-01 17:03:58,195 [Worker-0] INFO  o.e.m.c.i.e.AbstractTransferListenerAdapter - Downloaded http://repo.maven.apache.org/maven2/commons-logging/commons-logging/1.0.4/commons-logging-1.0.4.pom
2015-09-01 17:03:58,309 [Worker-0] INFO  o.e.m.c.i.e.AbstractTransferListenerAdapter - Downloading http://repo.maven.apache.org/maven2/net/sf/kosmosfs/kfs/0.3/kfs-0.3.pom
2015-09-01 17:03:58,647 [Worker-0] INFO  o.e.m.c.i.e.AbstractTransferListenerAdapter - Downloaded http://repo.maven.apache.org/maven2/net/sf/kosmosfs/kfs/0.3/kfs-0.3.pom
2015-09-01 17:03:58,779 [Worker-0] INFO  o.e.m.c.i.e.AbstractTransferListenerAdapter - Downloading http://repo.maven.apache.org/maven2/junit/junit/4.5/junit-4.5.pom
2015-09-01 17:03:59,480 [Worker-0] INFO  o.e.m.c.i.e.AbstractTransferListenerAdapter - Downloaded http://repo.maven.apache.org/maven2/junit/junit/4.5/junit-4.5.pom
2015-09-01 17:03:59,619 [Worker-0] INFO  o.e.m.c.i.e.AbstractTransferListenerAdapter - Downloading http://repo.maven.apache.org/maven2/hsqldb/hsqldb/1.8.0.10/hsqldb-1.8.0.10.pom
2015-09-01 17:03:59,895 [Worker-0] INFO  o.e.m.c.i.e.AbstractTransferListenerAdapter - Downloaded http://repo.maven.apache.org/maven2/hsqldb/hsqldb/1.8.0.10/hsqldb-1.8.0.10.pom
2015-09-01 17:04:00,080 [Worker-0] INFO  o.e.m.c.i.e.AbstractTransferListenerAdapter - Downloading http://repo.maven.apache.org/maven2/org/apache/hadoop/hadoop-core/0.20.2/hadoop-core-0.20.2.jar
2015-09-01 17:04:08,366 [Worker-0] INFO  o.e.m.c.i.e.AbstractTransferListenerAdapter - Downloaded http://repo.maven.apache.org/maven2/org/apache/hadoop/hadoop-core/0.20.2/hadoop-core-0.20.2.jar
2015-09-01 17:04:08,470 [Worker-0] INFO  o.e.m.c.i.e.AbstractTransferListenerAdapter - Downloading http://repo.maven.apache.org/maven2/xmlenc/xmlenc/0.52/xmlenc-0.52.jar
2015-09-01 17:04:08,692 [Worker-0] INFO  o.e.m.c.i.e.AbstractTransferListenerAdapter - Downloaded http://repo.maven.apache.org/maven2/xmlenc/xmlenc/0.52/xmlenc-0.52.jar
2015-09-01 17:04:08,810 [Worker-0] INFO  o.e.m.c.i.e.AbstractTransferListenerAdapter - Downloading http://repo.maven.apache.org/maven2/commons-httpclient/commons-httpclient/3.0.1/commons-httpclient-3.0.1.jar
2015-09-01 17:04:09,282 [Worker-0] INFO  o.e.m.c.i.e.AbstractTransferListenerAdapter - Downloaded http://repo.maven.apache.org/maven2/commons-httpclient/commons-httpclient/3.0.1/commons-httpclient-3.0.1.jar
2015-09-01 17:04:09,385 [Worker-0] INFO  o.e.m.c.i.e.AbstractTransferListenerAdapter - Downloading http://repo.maven.apache.org/maven2/commons-logging/commons-logging/1.0.3/commons-logging-1.0.3.jar
2015-09-01 17:04:09,623 [Worker-0] INFO  o.e.m.c.i.e.AbstractTransferListenerAdapter - Downloaded http://repo.maven.apache.org/maven2/commons-logging/commons-logging/1.0.3/commons-logging-1.0.3.jar
2015-09-01 17:04:09,724 [Worker-0] INFO  o.e.m.c.i.e.AbstractTransferListenerAdapter - Downloading http://repo.maven.apache.org/maven2/commons-codec/commons-codec/1.3/commons-codec-1.3.jar
2015-09-01 17:04:09,966 [Worker-0] INFO  o.e.m.c.i.e.AbstractTransferListenerAdapter - Downloaded http://repo.maven.apache.org/maven2/commons-codec/commons-codec/1.3/commons-codec-1.3.jar
2015-09-01 17:04:10,077 [Worker-0] INFO  o.e.m.c.i.e.AbstractTransferListenerAdapter - Downloading http://repo.maven.apache.org/maven2/commons-net/commons-net/1.4.1/commons-net-1.4.1.jar
2015-09-01 17:04:10,417 [Worker-0] INFO  o.e.m.c.i.e.AbstractTransferListenerAdapter - Downloaded http://repo.maven.apache.org/maven2/commons-net/commons-net/1.4.1/commons-net-1.4.1.jar
2015-09-01 17:04:10,520 [Worker-0] INFO  o.e.m.c.i.e.AbstractTransferListenerAdapter - Downloading http://repo.maven.apache.org/maven2/org/mortbay/jetty/jetty/6.1.14/jetty-6.1.14.jar
2015-09-01 17:04:11,035 [Worker-0] INFO  o.e.m.c.i.e.AbstractTransferListenerAdapter - Downloaded http://repo.maven.apache.org/maven2/org/mortbay/jetty/jetty/6.1.14/jetty-6.1.14.jar
2015-09-01 17:04:11,138 [Worker-0] INFO  o.e.m.c.i.e.AbstractTransferListenerAdapter - Downloading http://repo.maven.apache.org/maven2/org/mortbay/jetty/jetty-util/6.1.14/jetty-util-6.1.14.jar
2015-09-01 17:04:11,487 [Worker-0] INFO  o.e.m.c.i.e.AbstractTransferListenerAdapter - Downloaded http://repo.maven.apache.org/maven2/org/mortbay/jetty/jetty-util/6.1.14/jetty-util-6.1.14.jar
2015-09-01 17:04:11,591 [Worker-0] INFO  o.e.m.c.i.e.AbstractTransferListenerAdapter - Downloading http://repo.maven.apache.org/maven2/tomcat/jasper-runtime/5.5.12/jasper-runtime-5.5.12.jar
2015-09-01 17:04:11,841 [Worker-0] INFO  o.e.m.c.i.e.AbstractTransferListenerAdapter - Downloaded http://repo.maven.apache.org/maven2/tomcat/jasper-runtime/5.5.12/jasper-runtime-5.5.12.jar
2015-09-01 17:04:11,936 [Worker-0] INFO  o.e.m.c.i.e.AbstractTransferListenerAdapter - Downloading http://repo.maven.apache.org/maven2/tomcat/jasper-compiler/5.5.12/jasper-compiler-5.5.12.jar
2015-09-01 17:04:12,355 [Worker-0] INFO  o.e.m.c.i.e.AbstractTransferListenerAdapter - Downloaded http://repo.maven.apache.org/maven2/tomcat/jasper-compiler/5.5.12/jasper-compiler-5.5.12.jar
2015-09-01 17:04:12,489 [Worker-0] INFO  o.e.m.c.i.e.AbstractTransferListenerAdapter - Downloading http://repo.maven.apache.org/maven2/org/mortbay/jetty/jsp-api-2.1/6.1.14/jsp-api-2.1-6.1.14.jar
2015-09-01 17:04:12,776 [Worker-0] INFO  o.e.m.c.i.e.AbstractTransferListenerAdapter - Downloaded http://repo.maven.apache.org/maven2/org/mortbay/jetty/jsp-api-2.1/6.1.14/jsp-api-2.1-6.1.14.jar
2015-09-01 17:04:12,919 [Worker-0] INFO  o.e.m.c.i.e.AbstractTransferListenerAdapter - Downloading http://repo.maven.apache.org/maven2/org/mortbay/jetty/jsp-2.1/6.1.14/jsp-2.1-6.1.14.jar
2015-09-01 17:04:13,684 [Worker-0] INFO  o.e.m.c.i.e.AbstractTransferListenerAdapter - Downloaded http://repo.maven.apache.org/maven2/org/mortbay/jetty/jsp-2.1/6.1.14/jsp-2.1-6.1.14.jar
2015-09-01 17:04:13,786 [Worker-0] INFO  o.e.m.c.i.e.AbstractTransferListenerAdapter - Downloading http://repo.maven.apache.org/maven2/ant/ant/1.6.5/ant-1.6.5.jar
2015-09-01 17:04:14,586 [Worker-0] INFO  o.e.m.c.i.e.AbstractTransferListenerAdapter - Downloaded http://repo.maven.apache.org/maven2/ant/ant/1.6.5/ant-1.6.5.jar
2015-09-01 17:04:14,687 [Worker-0] INFO  o.e.m.c.i.e.AbstractTransferListenerAdapter - Downloading http://repo.maven.apache.org/maven2/commons-el/commons-el/1.0/commons-el-1.0.jar
2015-09-01 17:04:14,972 [Worker-0] INFO  o.e.m.c.i.e.AbstractTransferListenerAdapter - Downloaded http://repo.maven.apache.org/maven2/commons-el/commons-el/1.0/commons-el-1.0.jar
2015-09-01 17:04:15,076 [Worker-0] INFO  o.e.m.c.i.e.AbstractTransferListenerAdapter - Downloading http://repo.maven.apache.org/maven2/net/java/dev/jets3t/jets3t/0.7.1/jets3t-0.7.1.jar
2015-09-01 17:04:15,445 [Worker-0] INFO  o.e.m.c.i.e.AbstractTransferListenerAdapter - Downloaded http://repo.maven.apache.org/maven2/net/java/dev/jets3t/jets3t/0.7.1/jets3t-0.7.1.jar
2015-09-01 17:04:15,549 [Worker-0] INFO  o.e.m.c.i.e.AbstractTransferListenerAdapter - Downloading http://repo.maven.apache.org/maven2/org/mortbay/jetty/servlet-api-2.5/6.1.14/servlet-api-2.5-6.1.14.jar
2015-09-01 17:04:15,829 [Worker-0] INFO  o.e.m.c.i.e.AbstractTransferListenerAdapter - Downloaded http://repo.maven.apache.org/maven2/org/mortbay/jetty/servlet-api-2.5/6.1.14/servlet-api-2.5-6.1.14.jar
2015-09-01 17:04:15,923 [Worker-0] INFO  o.e.m.c.i.e.AbstractTransferListenerAdapter - Downloading http://repo.maven.apache.org/maven2/net/sf/kosmosfs/kfs/0.3/kfs-0.3.jar
2015-09-01 17:04:16,145 [Worker-0] INFO  o.e.m.c.i.e.AbstractTransferListenerAdapter - Downloaded http://repo.maven.apache.org/maven2/net/sf/kosmosfs/kfs/0.3/kfs-0.3.jar
2015-09-01 17:04:16,248 [Worker-0] INFO  o.e.m.c.i.e.AbstractTransferListenerAdapter - Downloading http://repo.maven.apache.org/maven2/hsqldb/hsqldb/1.8.0.10/hsqldb-1.8.0.10.jar
2015-09-01 17:04:16,775 [Worker-0] INFO  o.e.m.c.i.e.AbstractTransferListenerAdapter - Downloaded http://repo.maven.apache.org/maven2/hsqldb/hsqldb/1.8.0.10/hsqldb-1.8.0.10.jar
2015-09-01 17:04:16,878 [Worker-0] INFO  o.e.m.c.i.e.AbstractTransferListenerAdapter - Downloading http://repo.maven.apache.org/maven2/org/eclipse/jdt/core/3.1.1/core-3.1.1.jar
2015-09-01 17:04:18,736 [Worker-0] INFO  o.e.m.c.i.e.AbstractTransferListenerAdapter - Downloaded http://repo.maven.apache.org/maven2/org/eclipse/jdt/core/3.1.1/core-3.1.1.jar
2015-09-01 17:04:20,005 [Worker-0] INFO  o.e.m.c.i.embedder.EclipseLogger - Using 'UTF-8' encoding to copy filtered resources.
2015-09-01 17:04:20,005 [Worker-0] INFO  o.e.m.c.i.embedder.EclipseLogger - skip non existing resourceDirectory /Users/jameskang/Code/hadoop_practice/code/Ch2-Weather/src/main/resources
2015-09-01 17:04:20,005 [Worker-0] INFO  o.e.m.c.i.embedder.EclipseLogger - Using 'UTF-8' encoding to copy filtered resources.
2015-09-01 17:04:20,005 [Worker-0] INFO  o.e.m.c.i.embedder.EclipseLogger - skip non existing resourceDirectory /Users/jameskang/Code/hadoop_practice/code/Ch2-Weather/src/test/resources
2015-09-01 17:04:21,282 [Worker-10] INFO  o.e.m.c.i.embedder.EclipseLogger - Using 'UTF-8' encoding to copy filtered resources.
2015-09-01 17:04:21,282 [Worker-10] INFO  o.e.m.c.i.embedder.EclipseLogger - skip non existing resourceDirectory /Users/jameskang/Code/hadoop_practice/code/Ch2-Weather/src/main/resources
2015-09-01 17:04:21,284 [Worker-10] INFO  o.e.m.c.i.embedder.EclipseLogger - Using 'UTF-8' encoding to copy filtered resources.
2015-09-01 17:04:21,284 [Worker-10] INFO  o.e.m.c.i.embedder.EclipseLogger - skip non existing resourceDirectory /Users/jameskang/Code/hadoop_practice/code/Ch2-Weather/src/test/resources
2015-09-01 17:07:14,076 [Worker-1] INFO  o.e.m.c.i.embedder.EclipseLogger - Using 'UTF-8' encoding to copy filtered resources.
2015-09-01 17:07:14,076 [Worker-1] INFO  o.e.m.c.i.embedder.EclipseLogger - skip non existing resourceDirectory /Users/jameskang/Code/hadoop_practice/code/Ch2-Weather/src/main/resources
2015-09-01 17:07:14,077 [Worker-1] INFO  o.e.m.c.i.embedder.EclipseLogger - Using 'UTF-8' encoding to copy filtered resources.
2015-09-01 17:07:14,077 [Worker-1] INFO  o.e.m.c.i.embedder.EclipseLogger - skip non existing resourceDirectory /Users/jameskang/Code/hadoop_practice/code/Ch2-Weather/src/test/resources
2015-09-01 17:08:15,884 [Worker-13] INFO  o.e.m.c.i.embedder.EclipseLogger - Using 'UTF-8' encoding to copy filtered resources.
2015-09-01 17:08:15,884 [Worker-13] INFO  o.e.m.c.i.embedder.EclipseLogger - skip non existing resourceDirectory /Users/jameskang/Code/hadoop_practice/code/Ch2-Weather/src/main/resources
2015-09-01 17:08:15,885 [Worker-13] INFO  o.e.m.c.i.embedder.EclipseLogger - Using 'UTF-8' encoding to copy filtered resources.
2015-09-01 17:08:15,885 [Worker-13] INFO  o.e.m.c.i.embedder.EclipseLogger - skip non existing resourceDirectory /Users/jameskang/Code/hadoop_practice/code/Ch2-Weather/src/test/resources
2015-09-01 17:09:10,713 [Worker-17] INFO  o.e.m.c.i.embedder.EclipseLogger - Using 'UTF-8' encoding to copy filtered resources.
2015-09-01 17:09:10,713 [Worker-17] INFO  o.e.m.c.i.embedder.EclipseLogger - skip non existing resourceDirectory /Users/jameskang/Code/hadoop_practice/code/Ch2-Weather/src/main/resources
2015-09-01 17:09:10,714 [Worker-17] INFO  o.e.m.c.i.embedder.EclipseLogger - Using 'UTF-8' encoding to copy filtered resources.
2015-09-01 17:09:10,714 [Worker-17] INFO  o.e.m.c.i.embedder.EclipseLogger - skip non existing resourceDirectory /Users/jameskang/Code/hadoop_practice/code/Ch2-Weather/src/test/resources
2015-09-01 17:11:26,918 [Worker-1] INFO  o.e.m.c.i.embedder.EclipseLogger - Using 'UTF-8' encoding to copy filtered resources.
2015-09-01 17:11:26,919 [Worker-1] INFO  o.e.m.c.i.embedder.EclipseLogger - skip non existing resourceDirectory /Users/jameskang/Code/hadoop_practice/code/Ch2-Weather/src/main/resources
2015-09-01 17:11:26,919 [Worker-1] INFO  o.e.m.c.i.embedder.EclipseLogger - Using 'UTF-8' encoding to copy filtered resources.
2015-09-01 17:11:26,919 [Worker-1] INFO  o.e.m.c.i.embedder.EclipseLogger - skip non existing resourceDirectory /Users/jameskang/Code/hadoop_practice/code/Ch2-Weather/src/test/resources
2015-09-01 17:12:09,123 [Worker-12] INFO  o.e.m.c.i.embedder.EclipseLogger - Using 'UTF-8' encoding to copy filtered resources.
2015-09-01 17:12:09,123 [Worker-12] INFO  o.e.m.c.i.embedder.EclipseLogger - skip non existing resourceDirectory /Users/jameskang/Code/hadoop_practice/code/Ch2-Weather/src/main/resources
2015-09-01 17:12:09,124 [Worker-12] INFO  o.e.m.c.i.embedder.EclipseLogger - Using 'UTF-8' encoding to copy filtered resources.
2015-09-01 17:12:09,124 [Worker-12] INFO  o.e.m.c.i.embedder.EclipseLogger - skip non existing resourceDirectory /Users/jameskang/Code/hadoop_practice/code/Ch2-Weather/src/test/resources
2015-09-01 17:12:13,818 [Worker-15] INFO  o.e.m.c.i.embedder.EclipseLogger - Using 'UTF-8' encoding to copy filtered resources.
2015-09-01 17:12:13,818 [Worker-15] INFO  o.e.m.c.i.embedder.EclipseLogger - skip non existing resourceDirectory /Users/jameskang/Code/hadoop_practice/code/Ch2-Weather/src/main/resources
2015-09-01 17:12:13,819 [Worker-15] INFO  o.e.m.c.i.embedder.EclipseLogger - Using 'UTF-8' encoding to copy filtered resources.
2015-09-01 17:12:13,819 [Worker-15] INFO  o.e.m.c.i.embedder.EclipseLogger - skip non existing resourceDirectory /Users/jameskang/Code/hadoop_practice/code/Ch2-Weather/src/test/resources
2015-09-01 17:12:29,435 [Worker-1] INFO  o.e.m.c.i.embedder.EclipseLogger - Using 'UTF-8' encoding to copy filtered resources.
2015-09-01 17:12:29,435 [Worker-1] INFO  o.e.m.c.i.embedder.EclipseLogger - skip non existing resourceDirectory /Users/jameskang/Code/hadoop_practice/code/Ch2-Weather/src/main/resources
2015-09-01 17:12:29,436 [Worker-1] INFO  o.e.m.c.i.embedder.EclipseLogger - Using 'UTF-8' encoding to copy filtered resources.
2015-09-01 17:12:29,436 [Worker-1] INFO  o.e.m.c.i.embedder.EclipseLogger - skip non existing resourceDirectory /Users/jameskang/Code/hadoop_practice/code/Ch2-Weather/src/test/resources
2015-09-01 17:12:41,341 [Worker-12] INFO  o.e.m.c.i.embedder.EclipseLogger - Using 'UTF-8' encoding to copy filtered resources.
2015-09-01 17:12:41,342 [Worker-12] INFO  o.e.m.c.i.embedder.EclipseLogger - skip non existing resourceDirectory /Users/jameskang/Code/hadoop_practice/code/Ch2-Weather/src/main/resources
2015-09-01 17:12:41,343 [Worker-12] INFO  o.e.m.c.i.embedder.EclipseLogger - Using 'UTF-8' encoding to copy filtered resources.
2015-09-01 17:12:41,343 [Worker-12] INFO  o.e.m.c.i.embedder.EclipseLogger - skip non existing resourceDirectory /Users/jameskang/Code/hadoop_practice/code/Ch2-Weather/src/test/resources
2015-09-01 17:12:52,884 [Worker-14] INFO  o.e.m.c.i.embedder.EclipseLogger - Using 'UTF-8' encoding to copy filtered resources.
2015-09-01 17:12:52,885 [Worker-14] INFO  o.e.m.c.i.embedder.EclipseLogger - skip non existing resourceDirectory /Users/jameskang/Code/hadoop_practice/code/Ch2-Weather/src/main/resources
2015-09-01 17:12:52,885 [Worker-14] INFO  o.e.m.c.i.embedder.EclipseLogger - Using 'UTF-8' encoding to copy filtered resources.
2015-09-01 17:12:52,885 [Worker-14] INFO  o.e.m.c.i.embedder.EclipseLogger - skip non existing resourceDirectory /Users/jameskang/Code/hadoop_practice/code/Ch2-Weather/src/test/resources
2015-09-01 17:13:56,383 [Worker-16] INFO  o.e.m.c.i.embedder.EclipseLogger - Using 'UTF-8' encoding to copy filtered resources.
2015-09-01 17:13:56,383 [Worker-16] INFO  o.e.m.c.i.embedder.EclipseLogger - skip non existing resourceDirectory /Users/jameskang/Code/hadoop_practice/code/Ch2-Weather/src/main/resources
2015-09-01 17:13:56,384 [Worker-16] INFO  o.e.m.c.i.embedder.EclipseLogger - Using 'UTF-8' encoding to copy filtered resources.
2015-09-01 17:13:56,384 [Worker-16] INFO  o.e.m.c.i.embedder.EclipseLogger - skip non existing resourceDirectory /Users/jameskang/Code/hadoop_practice/code/Ch2-Weather/src/test/resources
2015-09-01 17:14:03,894 [Worker-13] INFO  o.e.m.c.i.embedder.EclipseLogger - Using 'UTF-8' encoding to copy filtered resources.
2015-09-01 17:14:03,894 [Worker-13] INFO  o.e.m.c.i.embedder.EclipseLogger - skip non existing resourceDirectory /Users/jameskang/Code/hadoop_practice/code/Ch2-Weather/src/main/resources
2015-09-01 17:14:03,895 [Worker-13] INFO  o.e.m.c.i.embedder.EclipseLogger - Using 'UTF-8' encoding to copy filtered resources.
2015-09-01 17:14:03,895 [Worker-13] INFO  o.e.m.c.i.embedder.EclipseLogger - skip non existing resourceDirectory /Users/jameskang/Code/hadoop_practice/code/Ch2-Weather/src/test/resources
2015-09-01 19:55:37,098 [Worker-24] INFO  o.e.m.c.i.embedder.EclipseLogger - Using 'UTF-8' encoding to copy filtered resources.
2015-09-01 19:55:37,098 [Worker-24] INFO  o.e.m.c.i.embedder.EclipseLogger - skip non existing resourceDirectory /Users/jameskang/Code/hadoop_practice/code/Ch2-Weather/src/main/resources
2015-09-01 19:55:37,098 [Worker-24] INFO  o.e.m.c.i.embedder.EclipseLogger - Using 'UTF-8' encoding to copy filtered resources.
2015-09-01 19:55:37,099 [Worker-24] INFO  o.e.m.c.i.embedder.EclipseLogger - skip non existing resourceDirectory /Users/jameskang/Code/hadoop_practice/code/Ch2-Weather/src/test/resources
